{"logTime": "0429/155123", "correlationVector":"qN2m2wuLvt9ndvycaO5Qgx.0","action":"FeedSettingFetch_homeCloud", "result":"0", "context":{}}
{"logTime": "0429/155123", "correlationVector":"goiwLGChmMkzb65s0Eb4Bu.1","action":"SyncServerConnectionManagerRequest", "result":"SYNC_SERVER_OK", "context":{"environment":"48F630A6-CB1B-4CC7-86AF-0F6627234B58|106", "server":"AM3PEPF00000986"}}
{"logTime": "0429/155123", "correlationVector":"3aADJ5G469UzN7ZymVEDA7.1","action":"SyncServerConnectionManagerRequest", "result":"SYNC_SERVER_OK", "context":{"environment":"48F630A6-CB1B-4CC7-86AF-0F6627234B58|106", "server":"AM3PEPF00000986"}}
{"logTime": "0429/155123", "correlationVector":"goiwLGChmMkzb65s0Eb4Bu","action":"Initial GetUpdates", "result":""}
{"logTime": "0429/155123", "correlationVector":"goiwLGChmMkzb65s0Eb4Bu.2","action":"GetUpdates Response", "result":"SERVER_MORE_TO_DOWNLOAD"}
{"logTime": "0429/155123", "correlationVector":"3aADJ5G469UzN7ZymVEDA7","action":"Initial GetUpdates", "result":""}
{"logTime": "0429/155123", "correlationVector":"3aADJ5G469UzN7ZymVEDA7.2","action":"GetUpdates Response", "result":"SYNCER_OK"}
{"logTime": "0429/155123", "correlationVector":"ZiTP4BWahY+SzGBfuX94as","action":"SyncServerConnectionManagerRequest", "result":"SYNC_SERVER_OK", "context":{"environment":"", "server":""}}
{"logTime": "0429/155123", "correlationVector":"IMYN5/Ad0yGclc+zQj5nV3","action":"Initial GetUpdates", "result":""}
{"logTime": "0429/155123", "correlationVector":"IMYN5/Ad0yGclc+zQj5nV3.1","action":"SyncServerConnectionManagerRequest", "result":"SYNC_SERVER_OK", "context":{"environment":"48F630A6-CB1B-4CC7-86AF-0F6627234B58|106", "server":"AM3PEPF00000986"}}
{"logTime": "0429/155123", "correlationVector":"IMYN5/Ad0yGclc+zQj5nV3.2","action":"GetUpdates Response", "result":"SERVER_MORE_TO_DOWNLOAD"}
{"logTime": "0429/155123", "correlationVector":"vGUJwxIT9SUGyP/dSLkh6w","action":"Initial GetUpdates", "result":""}
{"logTime": "0429/155123", "correlationVector":"vGUJwxIT9SUGyP/dSLkh6w.1","action":"SyncServerConnectionManagerRequest", "result":"SYNC_SERVER_OK", "context":{"environment":"48F630A6-CB1B-4CC7-86AF-0F6627234B58|106", "server":"AM3PEPF00000986"}}
{"logTime": "0429/155123", "correlationVector":"vGUJwxIT9SUGyP/dSLkh6w.2","action":"GetUpdates Response", "result":"SYNCER_OK"}
{"logTime": "0429/155123", "correlationVector":"KiIITNwpXjFFr6ULJHPgLi","action":"Initial GetUpdates", "result":""}
{"logTime": "0429/155123", "correlationVector":"KiIITNwpXjFFr6ULJHPgLi.1","action":"SyncServerConnectionManagerRequest", "result":"SYNC_SERVER_OK", "context":{"environment":"48F630A6-CB1B-4CC7-86AF-0F6627234B58|106", "server":"AM3PEPF00000986"}}
{"logTime": "0429/155123", "correlationVector":"KiIITNwpXjFFr6ULJHPgLi.2","action":"GetUpdates Response", "result":"SERVER_MORE_TO_DOWNLOAD"}
{"logTime": "0429/155123", "correlationVector":"GLwu1HwFSzVGU8VgUfXcJd","action":"Initial GetUpdates", "result":""}
{"logTime": "0429/155123", "correlationVector":"GLwu1HwFSzVGU8VgUfXcJd.1","action":"SyncServerConnectionManagerRequest", "result":"SYNC_SERVER_OK", "context":{"environment":"48F630A6-CB1B-4CC7-86AF-0F6627234B58|106", "server":"AM3PEPF00000986"}}
{"logTime": "0429/155123", "correlationVector":"GLwu1HwFSzVGU8VgUfXcJd.2","action":"GetUpdates Response", "result":"SYNCER_OK"}
{"logTime": "0429/155123", "correlationVector":"VzcEOJHC0tzSAPN6gtpYcs","action":"Normal GetUpdate request", "result":""}
{"logTime": "0429/155123", "correlationVector":"VzcEOJHC0tzSAPN6gtpYcs.1","action":"SyncServerConnectionManagerRequest", "result":"SYNC_SERVER_OK", "context":{"environment":"48F630A6-CB1B-4CC7-86AF-0F6627234B58|106", "server":"AM3PEPF00000986"}}
{"logTime": "0429/155123", "correlationVector":"VzcEOJHC0tzSAPN6gtpYcs.2","action":"GetUpdates Response", "result":"SYNCER_OK"}
{"logTime": "0429/155123", "correlationVector":"22XawTlGNvrheo9kiWoZjk","action":"Commit Request", "result":""}
{"logTime": "0429/155123", "correlationVector":"22XawTlGNvrheo9kiWoZjk.1","action":"SyncServerConnectionManagerRequest", "result":"SYNC_SERVER_OK", "context":{"environment":"48F630A6-CB1B-4CC7-86AF-0F6627234B58|106", "server":"AM3PEPF00000986"}}
{"logTime": "0429/155123", "correlationVector":"22XawTlGNvrheo9kiWoZjk.2","action":"Commit Response", "result":"SYNCER_OK"}
{"logTime": "0429/165520", "correlationVector":"N38TfE8UVZoDh1vacYDEvB.0","action":"FeedSettingFetch_homeCloud", "result":"0", "context":{}}
{"logTime": "0429/165520", "correlationVector":"1jPfgayxg89VNkxQpX1SqS.1","action":"SyncServerConnectionManagerRequest", "result":"SYNC_SERVER_OK", "context":{"environment":"48F630A6-CB1B-4CC7-86AF-0F6627234B58|106", "server":"AM3PEPF00002C89"}}
{"logTime": "0429/165520", "correlationVector":"6Cev5sIknzoD/RTJ0rfmz1.1","action":"SyncServerConnectionManagerRequest", "result":"SYNC_SERVER_OK", "context":{"environment":"48F630A6-CB1B-4CC7-86AF-0F6627234B58|106", "server":"AM3PEPF00002C89"}}
{"logTime": "0429/165520", "correlationVector":"1jPfgayxg89VNkxQpX1SqS","action":"Initial GetUpdates", "result":""}
{"logTime": "0429/165520", "correlationVector":"1jPfgayxg89VNkxQpX1SqS.2","action":"GetUpdates Response", "result":"SERVER_MORE_TO_DOWNLOAD"}
{"logTime": "0429/165520", "correlationVector":"6Cev5sIknzoD/RTJ0rfmz1","action":"Initial GetUpdates", "result":""}
{"logTime": "0429/165520", "correlationVector":"6Cev5sIknzoD/RTJ0rfmz1.2","action":"GetUpdates Response", "result":"SYNCER_OK"}
{"logTime": "0429/165520", "correlationVector":"kDv2jtdFTsmtznWCLAj+pA","action":"SyncServerConnectionManagerRequest", "result":"SYNC_SERVER_OK", "context":{"environment":"", "server":""}}
{"logTime": "0429/165520", "correlationVector":"qFcPgotUiX6MQpwJN8wo0s","action":"Normal GetUpdate request", "result":""}
{"logTime": "0429/165520", "correlationVector":"qFcPgotUiX6MQpwJN8wo0s.1","action":"SyncServerConnectionManagerRequest", "result":"SYNC_SERVER_OK", "context":{"environment":"48F630A6-CB1B-4CC7-86AF-0F6627234B58|106", "server":"AM3PEPF00002C89"}}
{"logTime": "0429/165520", "correlationVector":"qFcPgotUiX6MQpwJN8wo0s.2","action":"GetUpdates Response", "result":"SYNCER_OK"}
{"logTime": "0429/165520", "correlationVector":"/KioYYOZeOqgNHTJ0H41QT","action":"Normal GetUpdate request", "result":""}
{"logTime": "0429/165520", "correlationVector":"/KioYYOZeOqgNHTJ0H41QT.1","action":"SyncServerConnectionManagerRequest", "result":"SYNC_SERVER_OK", "context":{"environment":"48F630A6-CB1B-4CC7-86AF-0F6627234B58|106", "server":"AM3PEPF00002C89"}}
{"logTime": "0429/165520", "correlationVector":"/KioYYOZeOqgNHTJ0H41QT.2","action":"GetUpdates Response", "result":"SYNCER_OK"}
{"logTime": "0506/145737", "correlationVector":"SMyIEzunz1vE9TFp3BxtXO.0","action":"FeedSettingFetch_homeCloud", "result":"0", "context":{}}
{"logTime": "0506/145737", "correlationVector":"SMyIEzunz1vE9TFp3BxtXO.0","action":"SyncServerConnectionManagerRequest", "result":"SYNC_SERVER_OK", "context":{"environment":"", "server":""}}
{"logTime": "0506/145737", "correlationVector":"hmv08iPNSwcC39ydBrDZlP.1","action":"SyncServerConnectionManagerRequest", "result":"SYNC_SERVER_OK", "context":{"environment":"48F630A6-CB1B-4CC7-86AF-0F6627234B58|106", "server":"AM3PEPF000009A9"}}
{"logTime": "0506/145737", "correlationVector":"4El1MCY0f2x7DNG+sDZlc/.1","action":"SyncServerConnectionManagerRequest", "result":"SYNC_SERVER_OK", "context":{"environment":"48F630A6-CB1B-4CC7-86AF-0F6627234B58|106", "server":"AM3PEPF000009A9"}}
{"logTime": "0506/145737", "correlationVector":"hmv08iPNSwcC39ydBrDZlP","action":"Initial GetUpdates", "result":""}
{"logTime": "0506/145737", "correlationVector":"hmv08iPNSwcC39ydBrDZlP.2","action":"GetUpdates Response", "result":"SERVER_MORE_TO_DOWNLOAD"}
{"logTime": "0506/145737", "correlationVector":"4El1MCY0f2x7DNG+sDZlc/","action":"Initial GetUpdates", "result":""}
{"logTime": "0506/145737", "correlationVector":"4El1MCY0f2x7DNG+sDZlc/.2","action":"GetUpdates Response", "result":"SYNCER_OK"}
{"logTime": "0506/145737", "correlationVector":"qUbiDe5F696qt8pKFof7e9","action":"Normal GetUpdate request", "result":""}
{"logTime": "0506/145737", "correlationVector":"qUbiDe5F696qt8pKFof7e9.1","action":"SyncServerConnectionManagerRequest", "result":"SYNC_SERVER_OK", "context":{"environment":"48F630A6-CB1B-4CC7-86AF-0F6627234B58|106", "server":"AM3PEPF000009A9"}}
{"logTime": "0506/145737", "correlationVector":"qUbiDe5F696qt8pKFof7e9.2","action":"GetUpdates Response", "result":"SYNCER_OK"}
{"logTime": "0528/092938", "correlationVector":"TbPXOw8rxBy5ynlho5cdug.0","action":"FeedSettingFetch_homeCloud", "result":"0", "context":{}}
{"logTime": "0528/092938", "correlationVector":"bGQdrLk081dxbEJLsg2gyq.1","action":"SyncServerConnectionManagerRequest", "result":"SYNC_SERVER_OK", "context":{"environment":"48F630A6-CB1B-4CC7-86AF-0F6627234B58|106", "server":"AM3PEPF00000972"}}
{"logTime": "0528/092938", "correlationVector":"W/sp4T3fI7vLkmPWIyP3iR.1","action":"SyncServerConnectionManagerRequest", "result":"SYNC_SERVER_OK", "context":{"environment":"48F630A6-CB1B-4CC7-86AF-0F6627234B58|106", "server":"AM3PEPF00000972"}}
{"logTime": "0528/092938", "correlationVector":"bGQdrLk081dxbEJLsg2gyq","action":"Initial GetUpdates", "result":""}
{"logTime": "0528/092938", "correlationVector":"bGQdrLk081dxbEJLsg2gyq.2","action":"GetUpdates Response", "result":"SERVER_MORE_TO_DOWNLOAD"}
{"logTime": "0528/092938", "correlationVector":"W/sp4T3fI7vLkmPWIyP3iR","action":"Initial GetUpdates", "result":""}
{"logTime": "0528/092938", "correlationVector":"W/sp4T3fI7vLkmPWIyP3iR.2","action":"GetUpdates Response", "result":"SYNCER_OK"}
{"logTime": "0528/092938", "correlationVector":"oXUDgwHp/yxEfhEAwIAVwM","action":"SyncServerConnectionManagerRequest", "result":"SYNC_SERVER_OK", "context":{"environment":"", "server":""}}
{"logTime": "0528/092938", "correlationVector":"jZudNdhkGK2en0s0z6uMr+","action":"Normal GetUpdate request", "result":""}
{"logTime": "0528/092938", "correlationVector":"jZudNdhkGK2en0s0z6uMr+.1","action":"SyncServerConnectionManagerRequest", "result":"SYNC_SERVER_OK", "context":{"environment":"48F630A6-CB1B-4CC7-86AF-0F6627234B58|106", "server":"AM3PEPF00000972"}}
{"logTime": "0528/092938", "correlationVector":"jZudNdhkGK2en0s0z6uMr+.2","action":"GetUpdates Response", "result":"SYNCER_OK"}
{"logTime": "0528/092938", "correlationVector":"4UUmSJseAPnUZf8luZnSrS","action":"Normal GetUpdate request", "result":""}
{"logTime": "0528/092938", "correlationVector":"4UUmSJseAPnUZf8luZnSrS.1","action":"SyncServerConnectionManagerRequest", "result":"SYNC_SERVER_OK", "context":{"environment":"48F630A6-CB1B-4CC7-86AF-0F6627234B58|106", "server":"AM3PEPF00000972"}}
{"logTime": "0528/092938", "correlationVector":"4UUmSJseAPnUZf8luZnSrS.2","action":"GetUpdates Response", "result":"SYNCER_OK"}
{"logTime": "0528/093404", "correlationVector":"6jnC5FZAFCM0OBRv4dr2HX","action":"Poll GetUpdate request", "result":""}
{"logTime": "0528/093404", "correlationVector":"6jnC5FZAFCM0OBRv4dr2HX.1","action":"SyncServerConnectionManagerRequest", "result":"SYNC_SERVER_OK", "context":{"environment":"48F630A6-CB1B-4CC7-86AF-0F6627234B58|106", "server":"AM3PEPF00000976"}}
{"logTime": "0528/093404", "correlationVector":"6jnC5FZAFCM0OBRv4dr2HX.2","action":"GetUpdates Response", "result":"SYNCER_OK"}
{"logTime": "0528/095437", "correlationVector":"c+9S5cjyujl45wUr5CAAuu.0","action":"FeedSettingFetch_homeCloud", "result":"0", "context":{}}
{"logTime": "0528/095437", "correlationVector":"u64TGku+aoaYZjlF+tyZ7D.1","action":"SyncServerConnectionManagerRequest", "result":"SYNC_SERVER_OK", "context":{"environment":"48F630A6-CB1B-4CC7-86AF-0F6627234B58|106", "server":"AM3PEPF0000099E"}}
{"logTime": "0528/095437", "correlationVector":"XsjGcVTAPrfaLl4p1oWsTG.1","action":"SyncServerConnectionManagerRequest", "result":"SYNC_SERVER_OK", "context":{"environment":"48F630A6-CB1B-4CC7-86AF-0F6627234B58|106", "server":"AM3PEPF0000099E"}}
{"logTime": "0528/095437", "correlationVector":"u64TGku+aoaYZjlF+tyZ7D","action":"Initial GetUpdates", "result":""}
{"logTime": "0528/095437", "correlationVector":"u64TGku+aoaYZjlF+tyZ7D.2","action":"GetUpdates Response", "result":"SERVER_MORE_TO_DOWNLOAD"}
{"logTime": "0528/095437", "correlationVector":"XsjGcVTAPrfaLl4p1oWsTG","action":"Initial GetUpdates", "result":""}
{"logTime": "0528/095437", "correlationVector":"XsjGcVTAPrfaLl4p1oWsTG.2","action":"GetUpdates Response", "result":"SYNCER_OK"}
{"logTime": "0528/095437", "correlationVector":"5aMjP1YxD6IiYYL/p0dWf5","action":"SyncServerConnectionManagerRequest", "result":"SYNC_SERVER_OK", "context":{"environment":"", "server":""}}
{"logTime": "0528/095437", "correlationVector":"xRJDuXh5Yw/oVmFA0ActoI","action":"Normal GetUpdate request", "result":""}
{"logTime": "0528/095437", "correlationVector":"xRJDuXh5Yw/oVmFA0ActoI.1","action":"SyncServerConnectionManagerRequest", "result":"SYNC_SERVER_OK", "context":{"environment":"48F630A6-CB1B-4CC7-86AF-0F6627234B58|106", "server":"AM3PEPF0000099E"}}
{"logTime": "0528/095437", "correlationVector":"xRJDuXh5Yw/oVmFA0ActoI.2","action":"GetUpdates Response", "result":"SYNCER_OK"}
{"logTime": "0528/095437", "correlationVector":"sEdh2o0p3zZaeOm7EBbZ3L","action":"Normal GetUpdate request", "result":""}
{"logTime": "0528/095437", "correlationVector":"sEdh2o0p3zZaeOm7EBbZ3L.1","action":"SyncServerConnectionManagerRequest", "result":"SYNC_SERVER_OK", "context":{"environment":"48F630A6-CB1B-4CC7-86AF-0F6627234B58|106", "server":"AM3PEPF0000099E"}}
{"logTime": "0528/095437", "correlationVector":"sEdh2o0p3zZaeOm7EBbZ3L.2","action":"GetUpdates Response", "result":"SYNCER_OK"}
{"logTime": "0528/103345", "correlationVector":"pRSy8mCoGEziRzj6QdLc2f.0","action":"FeedSettingFetch_homeCloud", "result":"0", "context":{}}
{"logTime": "0528/103345", "correlationVector":"oNJzRm9wEitq4kvMjwDe7w.1","action":"SyncServerConnectionManagerRequest", "result":"SYNC_SERVER_OK", "context":{"environment":"48F630A6-CB1B-4CC7-86AF-0F6627234B58|106", "server":"AM3PEPF000009A2"}}
{"logTime": "0528/103345", "correlationVector":"CHAVTgE7+UQaYooWX+Ls+J.1","action":"SyncServerConnectionManagerRequest", "result":"SYNC_SERVER_OK", "context":{"environment":"48F630A6-CB1B-4CC7-86AF-0F6627234B58|106", "server":"AM3PEPF000009A2"}}
{"logTime": "0528/103345", "correlationVector":"oNJzRm9wEitq4kvMjwDe7w","action":"Initial GetUpdates", "result":""}
{"logTime": "0528/103345", "correlationVector":"oNJzRm9wEitq4kvMjwDe7w.2","action":"GetUpdates Response", "result":"SERVER_MORE_TO_DOWNLOAD"}
{"logTime": "0528/103345", "correlationVector":"CHAVTgE7+UQaYooWX+Ls+J","action":"Initial GetUpdates", "result":""}
{"logTime": "0528/103345", "correlationVector":"CHAVTgE7+UQaYooWX+Ls+J.2","action":"GetUpdates Response", "result":"SYNCER_OK"}
{"logTime": "0528/103345", "correlationVector":"oZs9HL4iKv0Wv7/8IkSBCX","action":"SyncServerConnectionManagerRequest", "result":"SYNC_SERVER_OK", "context":{"environment":"", "server":""}}
{"logTime": "0528/103345", "correlationVector":"pOllhAD8qHsStyZSx90G+O","action":"Normal GetUpdate request", "result":""}
{"logTime": "0528/103345", "correlationVector":"pOllhAD8qHsStyZSx90G+O.1","action":"SyncServerConnectionManagerRequest", "result":"SYNC_SERVER_OK", "context":{"environment":"48F630A6-CB1B-4CC7-86AF-0F6627234B58|106", "server":"AM3PEPF000009A2"}}
{"logTime": "0528/103345", "correlationVector":"pOllhAD8qHsStyZSx90G+O.2","action":"GetUpdates Response", "result":"SYNCER_OK"}
{"logTime": "0528/103345", "correlationVector":"2/OwOci3fqVljzuLHkv+ak","action":"Normal GetUpdate request", "result":""}
{"logTime": "0528/103345", "correlationVector":"2/OwOci3fqVljzuLHkv+ak.1","action":"SyncServerConnectionManagerRequest", "result":"SYNC_SERVER_OK", "context":{"environment":"48F630A6-CB1B-4CC7-86AF-0F6627234B58|106", "server":"AM3PEPF000009A2"}}
{"logTime": "0528/103345", "correlationVector":"2/OwOci3fqVljzuLHkv+ak.2","action":"GetUpdates Response", "result":"SYNCER_OK"}
{"logTime": "0529/111438", "correlationVector":"FeODkJ2a+9p84uM133/iZi.0","action":"FeedSettingFetch_homeCloud", "result":"0", "context":{}}
{"logTime": "0529/111438", "correlationVector":"FeODkJ2a+9p84uM133/iZi.0","action":"SyncServerConnectionManagerRequest", "result":"SYNC_SERVER_OK", "context":{"environment":"", "server":""}}
{"logTime": "0529/111438", "correlationVector":"9PwSYnCiP5O6N3zrzFMTZG.1","action":"SyncServerConnectionManagerRequest", "result":"SYNC_SERVER_OK", "context":{"environment":"48F630A6-CB1B-4CC7-86AF-0F6627234B58|106", "server":"AM3PEPF00000991"}}
{"logTime": "0529/111438", "correlationVector":"sSQ+nmA3PrBOxD/u3WZeue.1","action":"SyncServerConnectionManagerRequest", "result":"SYNC_SERVER_OK", "context":{"environment":"48F630A6-CB1B-4CC7-86AF-0F6627234B58|106", "server":"AM3PEPF00000991"}}
{"logTime": "0529/111438", "correlationVector":"9PwSYnCiP5O6N3zrzFMTZG","action":"Initial GetUpdates", "result":""}
{"logTime": "0529/111438", "correlationVector":"9PwSYnCiP5O6N3zrzFMTZG.2","action":"GetUpdates Response", "result":"SERVER_MORE_TO_DOWNLOAD"}
{"logTime": "0529/111438", "correlationVector":"sSQ+nmA3PrBOxD/u3WZeue","action":"Initial GetUpdates", "result":""}
{"logTime": "0529/111438", "correlationVector":"sSQ+nmA3PrBOxD/u3WZeue.2","action":"GetUpdates Response", "result":"SYNCER_OK"}
{"logTime": "0529/111438", "correlationVector":"9ajClrKIxZQzvz9FBU9Myk","action":"Normal GetUpdate request", "result":""}
{"logTime": "0529/111438", "correlationVector":"9ajClrKIxZQzvz9FBU9Myk.1","action":"SyncServerConnectionManagerRequest", "result":"SYNC_SERVER_OK", "context":{"environment":"48F630A6-CB1B-4CC7-86AF-0F6627234B58|106", "server":"AM3PEPF00000991"}}
{"logTime": "0529/111438", "correlationVector":"9ajClrKIxZQzvz9FBU9Myk.2","action":"GetUpdates Response", "result":"SYNCER_OK"}
{"logTime": "0529/111438", "correlationVector":"1MbCwlQZJibKwmDvzDigG4","action":"Commit Request", "result":""}
{"logTime": "0529/111438", "correlationVector":"1MbCwlQZJibKwmDvzDigG4.1","action":"SyncServerConnectionManagerRequest", "result":"SYNC_SERVER_OK", "context":{"environment":"48F630A6-CB1B-4CC7-86AF-0F6627234B58|106", "server":"AM3PEPF00000991"}}
{"logTime": "0529/111438", "correlationVector":"1MbCwlQZJibKwmDvzDigG4.2","action":"Commit Response", "result":"SYNCER_OK"}
{"logTime": "0529/111744", "correlationVector":"WMk5j4HwlEhCrSdsFPSIr3","action":"Poll GetUpdate request", "result":""}
{"logTime": "0529/111755", "correlationVector":"WMk5j4HwlEhCrSdsFPSIr3.1","action":"SyncServerConnectionManagerRequest", "result":"SYNC_SERVER_OK", "context":{"environment":"48F630A6-CB1B-4CC7-86AF-0F6627234B58|106", "server":"AM3PEPF0000098B"}}
{"logTime": "0529/111755", "correlationVector":"WMk5j4HwlEhCrSdsFPSIr3.2","action":"GetUpdates Response", "result":"SYNCER_OK"}
{"logTime": "0602/085853", "correlationVector":"qm4vZHeivUjn+eN12oREhb.0","action":"FeedSettingFetch_homeCloud", "result":"0", "context":{}}
{"logTime": "0602/085853", "correlationVector":"+hN92fLSeVWC0ZOwiMWrYl.1","action":"SyncServerConnectionManagerRequest", "result":"SYNC_SERVER_OK", "context":{"environment":"48F630A6-CB1B-4CC7-86AF-0F6627234B58|106", "server":"AM3PEPF0000096F"}}
{"logTime": "0602/085853", "correlationVector":"qXLIb2DY8oufPmtcWjiluY.1","action":"SyncServerConnectionManagerRequest", "result":"SYNC_SERVER_OK", "context":{"environment":"48F630A6-CB1B-4CC7-86AF-0F6627234B58|106", "server":"AM3PEPF0000096F"}}
{"logTime": "0602/085853", "correlationVector":"+hN92fLSeVWC0ZOwiMWrYl","action":"Initial GetUpdates", "result":""}
{"logTime": "0602/085853", "correlationVector":"+hN92fLSeVWC0ZOwiMWrYl.2","action":"GetUpdates Response", "result":"SERVER_MORE_TO_DOWNLOAD"}
{"logTime": "0602/085853", "correlationVector":"qXLIb2DY8oufPmtcWjiluY","action":"Initial GetUpdates", "result":""}
{"logTime": "0602/085853", "correlationVector":"qXLIb2DY8oufPmtcWjiluY.2","action":"GetUpdates Response", "result":"SYNCER_OK"}
{"logTime": "0602/085853", "correlationVector":"L0Ofyl3go6Saq50C8z0fMQ","action":"SyncServerConnectionManagerRequest", "result":"SYNC_SERVER_OK", "context":{"environment":"", "server":""}}
{"logTime": "0602/085853", "correlationVector":"iHvPPsHDyQuqP2Ke2lCbLC","action":"Normal GetUpdate request", "result":""}
{"logTime": "0602/085853", "correlationVector":"iHvPPsHDyQuqP2Ke2lCbLC.1","action":"SyncServerConnectionManagerRequest", "result":"SYNC_SERVER_OK", "context":{"environment":"48F630A6-CB1B-4CC7-86AF-0F6627234B58|106", "server":"AM3PEPF0000096F"}}
{"logTime": "0602/085853", "correlationVector":"iHvPPsHDyQuqP2Ke2lCbLC.2","action":"GetUpdates Response", "result":"SYNCER_OK"}
{"logTime": "0602/085853", "correlationVector":"5Nw+5we3LeN2DZWwvDpqDv","action":"Commit Request", "result":""}
{"logTime": "0602/085853", "correlationVector":"5Nw+5we3LeN2DZWwvDpqDv.1","action":"SyncServerConnectionManagerRequest", "result":"SYNC_SERVER_OK", "context":{"environment":"48F630A6-CB1B-4CC7-86AF-0F6627234B58|106", "server":"AM3PEPF0000096F"}}
{"logTime": "0602/085853", "correlationVector":"5Nw+5we3LeN2DZWwvDpqDv.2","action":"Commit Response", "result":"SYNCER_OK"}
{"logTime": "0602/085853", "correlationVector":"AgkM+4/a2rKkKqIzlc9uCo","action":"Normal GetUpdate request", "result":""}
{"logTime": "0602/085853", "correlationVector":"AgkM+4/a2rKkKqIzlc9uCo.1","action":"SyncServerConnectionManagerRequest", "result":"SYNC_SERVER_OK", "context":{"environment":"48F630A6-CB1B-4CC7-86AF-0F6627234B58|106", "server":"AM3PEPF0000096F"}}
{"logTime": "0602/085853", "correlationVector":"AgkM+4/a2rKkKqIzlc9uCo.2","action":"GetUpdates Response", "result":"SYNCER_OK"}
{"logTime": "0602/085911", "correlationVector":"XBx88nxTuwfcJ05oulRrfY","action":"Poll GetUpdate request", "result":""}
{"logTime": "0602/085911", "correlationVector":"XBx88nxTuwfcJ05oulRrfY.1","action":"SyncServerConnectionManagerRequest", "result":"SYNC_SERVER_OK", "context":{"environment":"48F630A6-CB1B-4CC7-86AF-0F6627234B58|106", "server":"AM3PEPF0000096F"}}
{"logTime": "0602/085911", "correlationVector":"XBx88nxTuwfcJ05oulRrfY.2","action":"GetUpdates Response", "result":"SYNCER_OK"}
{"logTime": "0603/102228", "correlationVector":"DMVGA3Cdgj4PVYs7QN/5c/.0","action":"FeedSettingFetch_homeCloud", "result":"0", "context":{}}
{"logTime": "0603/102228", "correlationVector":"DMVGA3Cdgj4PVYs7QN/5c/.0","action":"SyncServerConnectionManagerRequest", "result":"SYNC_SERVER_OK", "context":{"environment":"", "server":""}}
{"logTime": "0603/102228", "correlationVector":"v9/13yfkwSfPKmG6pH1fV1.1","action":"SyncServerConnectionManagerRequest", "result":"SYNC_SERVER_OK", "context":{"environment":"48F630A6-CB1B-4CC7-86AF-0F6627234B58|106", "server":"AM3PEPF00000999"}}
{"logTime": "0603/102228", "correlationVector":"5Wlz2VD87ZNLghISXuWcRb.1","action":"SyncServerConnectionManagerRequest", "result":"SYNC_SERVER_OK", "context":{"environment":"48F630A6-CB1B-4CC7-86AF-0F6627234B58|106", "server":"AM3PEPF00000999"}}
{"logTime": "0603/102228", "correlationVector":"v9/13yfkwSfPKmG6pH1fV1","action":"Initial GetUpdates", "result":""}
{"logTime": "0603/102228", "correlationVector":"v9/13yfkwSfPKmG6pH1fV1.2","action":"GetUpdates Response", "result":"SERVER_MORE_TO_DOWNLOAD"}
{"logTime": "0603/102228", "correlationVector":"5Wlz2VD87ZNLghISXuWcRb","action":"Initial GetUpdates", "result":""}
{"logTime": "0603/102228", "correlationVector":"5Wlz2VD87ZNLghISXuWcRb.2","action":"GetUpdates Response", "result":"SYNCER_OK"}
{"logTime": "0603/102228", "correlationVector":"A/fZf5q9Z0ukndE2uaLOhO","action":"Normal GetUpdate request", "result":""}
{"logTime": "0603/102228", "correlationVector":"A/fZf5q9Z0ukndE2uaLOhO.1","action":"SyncServerConnectionManagerRequest", "result":"SYNC_SERVER_OK", "context":{"environment":"48F630A6-CB1B-4CC7-86AF-0F6627234B58|106", "server":"AM3PEPF00000999"}}
{"logTime": "0603/102228", "correlationVector":"A/fZf5q9Z0ukndE2uaLOhO.2","action":"GetUpdates Response", "result":"SYNCER_OK"}
